<?xml version="1.0" encoding="UTF-8"?>
<!-- Generated by org.testng.reporters.JUnitXMLReporter -->
<testsuite hostname="Fiaz-PC" ignored="0" name="Test" tests="6" failures="1" timestamp="2019-11-28T18:06:47 PKT" time="36.513" errors="0">
  <testcase name="tc_five" time="0.057" classname="apidemospackage.mixed"/>
  <testcase name="tc_four" time="0.001" classname="apidemospackage.mixed"/>
  <testcase name="tc_one" time="24.01" classname="apidemospackage.mixed"/>
  <testcase name="tc_six" time="12.314" classname="apidemospackage.mixed">
    <failure type="java.lang.AssertionError" message="did not expect to find [true] but found [false]">
      <![CDATA[java.lang.AssertionError: did not expect to find [true] but found [false]
at apidemospackage.mixed.tc_six(mixed.java:192)
at java.util.ArrayList.forEach(ArrayList.java:1257)
... Removed 35 stack frames]]>
    </failure>
  </testcase> <!-- tc_six -->
  <testcase name="tc_three" time="0.002" classname="apidemospackage.mixed"/>
  <testcase name="tc_two" time="0.001" classname="apidemospackage.mixed"/>
</testsuite> <!-- Test -->
