-------------------------------------------------------------------------------
Test set: TestSuite
-------------------------------------------------------------------------------
Tests run: 6, Failures: 1, Errors: 0, Skipped: 0, Time elapsed: 37.137 s <<< FAILURE! - in TestSuite
apidemospackage.mixed.tc_six  Time elapsed: 12.321 s  <<< FAILURE!
java.lang.AssertionError: did not expect to find [true] but found [false]
	at apidemospackage.mixed.tc_six(mixed.java:192)

